This is XeTeX, Version 3.141592653-2.6-0.999995 (TeX Live 2023/Debian) (preloaded format=xelatex 2024.10.20)  21 OCT 2024 02:58
entering extended mode
 restricted \write18 enabled.
 %&-line parsing enabled.
**Расчёт_выделения_тепла_в_бухте-удлинителе.tех
(./Расчёт_выделения_тепла_в_бухте-удлинителе.tех
LaTeX2e <2023-06-01>
L3 programming layer <2023-06-05>
(/usr/share/texlive/texmf-dist/tex/latex/base/article.cls
Document Class: article 2023/05/17 v1.4n Standard LaTeX document class
(/usr/share/texlive/texmf-dist/tex/latex/base/size12.clo
File: size12.clo 2023/05/17 v1.4n Standard LaTeX file (size option)
)
\c@part=\count181
\c@section=\count182
\c@subsection=\count183
\c@subsubsection=\count184
\c@paragraph=\count185
\c@subparagraph=\count186
\c@figure=\count187
\c@table=\count188
\abovecaptionskip=\skip48
\belowcaptionskip=\skip49
\bibindent=\dimen140
)
(/usr/share/texlive/texmf-dist/tex/latex/base/inputenc.sty
Package: inputenc 2021/02/14 v1.3d Input encoding file
\inpenc@prehook=\toks17
\inpenc@posthook=\toks18


Package inputenc Warning: inputenc package ignored with utf8 based engines.

) (/usr/share/texlive/texmf-dist/tex/latex/base/fontenc.sty
Package: fontenc 2021/04/29 v2.0v Standard LaTeX package
LaTeX Font Info:    Trying to load font information for T1+lmr on input line 11
2.

(/usr/share/texmf/tex/latex/lm/t1lmr.fd
File: t1lmr.fd 2015/05/01 v1.6.1 Font defs for Latin Modern
))
(/usr/share/texlive/texmf-dist/tex/generic/babel/babel.sty
Package: babel 2023/05/11 v3.89 The Babel package
\babel@savecnt=\count189
\U@D=\dimen141
\l@unhyphenated=\language87

(/usr/share/texlive/texmf-dist/tex/generic/babel/xebabel.def)
\bbl@readstream=\read2
\bbl@dirlevel=\count190

(/usr/share/texlive/texmf-dist/tex/generic/babel-english/english.ldf
Language: english 2017/06/06 v3.3r English support from the babel system
Package babel Info: Hyphen rules for 'canadian' set to \l@english
(babel)             (\language0). Reported on input line 102.
Package babel Info: Hyphen rules for 'australian' set to \l@ukenglish
(babel)             (\language65). Reported on input line 105.
Package babel Info: Hyphen rules for 'newzealand' set to \l@ukenglish
(babel)             (\language65). Reported on input line 108.
)
(/usr/share/texlive/texmf-dist/tex/generic/babel-russian/russianb.ldf
File: russianb.ldf 2021/01/10 1.3m Russian support for the Babel system
Language: russian 2020/09/09 1.3k Russian support for the Babel system
Package babel Info: Making " an active character on input line 124.
Package babel Info: Default for \cyrdash is provided on input line 163.
))
(/usr/share/texlive/texmf-dist/tex/generic/babel/locale/ru/babel-russian.tex
Package babel Info: Importing font and identification data for russian
(babel)             from babel-ru.ini. Reported on input line 11.
)
(/usr/share/texlive/texmf-dist/tex/generic/babel/locale/en/babel-english.tex
Package babel Info: Importing font and identification data for english
(babel)             from babel-en.ini. Reported on input line 11.
)
(/usr/share/texlive/texmf-dist/tex/latex/graphics/graphicx.sty
Package: graphicx 2021/09/16 v1.2d Enhanced LaTeX Graphics (DPC,SPQR)

(/usr/share/texlive/texmf-dist/tex/latex/graphics/keyval.sty
Package: keyval 2022/05/29 v1.15 key=value parser (DPC)
\KV@toks@=\toks19
)
(/usr/share/texlive/texmf-dist/tex/latex/graphics/graphics.sty
Package: graphics 2022/03/10 v1.4e Standard LaTeX Graphics (DPC,SPQR)

(/usr/share/texlive/texmf-dist/tex/latex/graphics/trig.sty
Package: trig 2021/08/11 v1.11 sin cos tan (DPC)
)
(/usr/share/texlive/texmf-dist/tex/latex/graphics-cfg/graphics.cfg
File: graphics.cfg 2016/06/04 v1.11 sample graphics configuration
)
Package graphics Info: Driver file: xetex.def on input line 107.

(/usr/share/texlive/texmf-dist/tex/latex/graphics-def/xetex.def
File: xetex.def 2022/09/22 v5.0n Graphics/color driver for xetex
))
\Gin@req@height=\dimen142
\Gin@req@width=\dimen143
)
(/usr/share/texlive/texmf-dist/tex/latex/geometry/geometry.sty
Package: geometry 2020/01/02 v5.9 Page Geometry

(/usr/share/texlive/texmf-dist/tex/generic/iftex/ifvtex.sty
Package: ifvtex 2019/10/25 v1.7 ifvtex legacy package. Use iftex instead.

(/usr/share/texlive/texmf-dist/tex/generic/iftex/iftex.sty
Package: iftex 2022/02/03 v1.0f TeX engine tests
))
\Gm@cnth=\count191
\Gm@cntv=\count192
\c@Gm@tempcnt=\count193
\Gm@bindingoffset=\dimen144
\Gm@wd@mp=\dimen145
\Gm@odd@mp=\dimen146
\Gm@even@mp=\dimen147
\Gm@layoutwidth=\dimen148
\Gm@layoutheight=\dimen149
\Gm@layouthoffset=\dimen150
\Gm@layoutvoffset=\dimen151
\Gm@dimlist=\toks20
)
(/usr/share/texlive/texmf-dist/tex/latex/l3backend/l3backend-xetex.def
File: l3backend-xetex.def 2023-04-19 L3 backend support: XeTeX
\g__graphics_track_int=\count194
\l__pdf_internal_box=\box51
\g__pdf_backend_object_int=\count195
\g__pdf_backend_annotation_int=\count196
\g__pdf_backend_link_int=\count197
)
(./Расчёт_выделения_тепла_в_бухте-удлинителе.aux)
\openout1 = `Расчёт_выделения_тепла_в_бухте-удлинителе.aux'.

LaTeX Font Info:    Checking defaults for OML/cmm/m/it on input line 12.
LaTeX Font Info:    ... okay on input line 12.
LaTeX Font Info:    Checking defaults for OMS/cmsy/m/n on input line 12.
LaTeX Font Info:    ... okay on input line 12.
LaTeX Font Info:    Checking defaults for OT1/cmr/m/n on input line 12.
LaTeX Font Info:    ... okay on input line 12.
LaTeX Font Info:    Checking defaults for T1/cmr/m/n on input line 12.
LaTeX Font Info:    ... okay on input line 12.
LaTeX Font Info:    Checking defaults for TS1/cmr/m/n on input line 12.
LaTeX Font Info:    Trying to load font information for TS1+cmr on input line 1
2.

(/usr/share/texlive/texmf-dist/tex/latex/base/ts1cmr.fd
File: ts1cmr.fd 2023/04/13 v2.5m Standard LaTeX font definitions
)
LaTeX Font Info:    ... okay on input line 12.
LaTeX Font Info:    Checking defaults for TU/lmr/m/n on input line 12.
LaTeX Font Info:    ... okay on input line 12.
LaTeX Font Info:    Checking defaults for OMX/cmex/m/n on input line 12.
LaTeX Font Info:    ... okay on input line 12.
LaTeX Font Info:    Checking defaults for U/cmr/m/n on input line 12.
LaTeX Font Info:    ... okay on input line 12.
LaTeX Info: Redefining \th on input line 12.

*geometry* driver: auto-detecting
*geometry* detected driver: xetex
*geometry* verbose mode - [ preamble ] result:
* driver: xetex
* paper: letterpaper
* layout: <same size as paper>
* layoutoffset:(h,v)=(0.0pt,0.0pt)
* modes: twoside 
* h-part:(L,W,R)=(57.81621pt, 498.66258pt, 57.81621pt)
* v-part:(T,H,B)=(57.81621pt, 679.33757pt, 57.81621pt)
* \paperwidth=614.295pt
* \paperheight=794.96999pt
* \textwidth=498.66258pt
* \textheight=679.33757pt
* \oddsidemargin=-14.45378pt
* \evensidemargin=-14.45378pt
* \topmargin=-51.45378pt
* \headheight=12.0pt
* \headsep=25.0pt
* \topskip=12.0pt
* \footskip=30.0pt
* \marginparwidth=95.0pt
* \marginparsep=10.0pt
* \columnsep=10.0pt
* \skip\footins=10.8pt plus 4.0pt minus 2.0pt
* \hoffset=0.0pt
* \voffset=0.0pt
* \mag=1000
* \@twocolumnfalse
* \@twosidetrue
* \@mparswitchtrue
* \@reversemarginfalse
* (1in=72.27pt=25.4mm, 1cm=28.453pt)

LaTeX Font Info:    External font `cmex10' loaded for size
(Font)              <14.4> on input line 14.
LaTeX Font Info:    External font `cmex10' loaded for size
(Font)              <7> on input line 14.

LaTeX Warning: No \author given.

Missing character: There is no о (U+043E) in font [lmroman12-regular]:mapping=t
ex-text;!
Missing character: There is no к (U+043A) in font [lmroman12-regular]:mapping=t
ex-text;!
Missing character: There is no т (U+0442) in font [lmroman12-regular]:mapping=t
ex-text;!
Missing character: There is no я (U+044F) in font [lmroman12-regular]:mapping=t
ex-text;!
Missing character: There is no б (U+0431) in font [lmroman12-regular]:mapping=t
ex-text;!
Missing character: There is no р (U+0440) in font [lmroman12-regular]:mapping=t
ex-text;!
Missing character: There is no я (U+044F) in font [lmroman12-regular]:mapping=t
ex-text;!
Missing character: There is no г (U+0433) in font [lmroman12-regular]:mapping=t
ex-text;!
Missing character: There is no Р (U+0420) in font [lmroman12-regular]:mapping=t
ex-text;!
Missing character: There is no а (U+0430) in font [lmroman12-regular]:mapping=t
ex-text;!
Missing character: There is no с (U+0441) in font [lmroman12-regular]:mapping=t
ex-text;!
Missing character: There is no ч (U+0447) in font [lmroman12-regular]:mapping=t
ex-text;!
Missing character: There is no ё (U+0451) in font [lmroman12-regular]:mapping=t
ex-text;!
Missing character: There is no т (U+0442) in font [lmroman12-regular]:mapping=t
ex-text;!
Missing character: There is no в (U+0432) in font [lmroman12-regular]:mapping=t
ex-text;!
Missing character: There is no ы (U+044B) in font [lmroman12-regular]:mapping=t
ex-text;!
Missing character: There is no д (U+0434) in font [lmroman12-regular]:mapping=t
ex-text;!
Missing character: There is no е (U+0435) in font [lmroman12-regular]:mapping=t
ex-text;!
Missing character: There is no л (U+043B) in font [lmroman12-regular]:mapping=t
ex-text;!
Missing character: There is no е (U+0435) in font [lmroman12-regular]:mapping=t
ex-text;!
Missing character: There is no н (U+043D) in font [lmroman12-regular]:mapping=t
ex-text;!
Missing character: There is no и (U+0438) in font [lmroman12-regular]:mapping=t
ex-text;!
Missing character: There is no я (U+044F) in font [lmroman12-regular]:mapping=t
ex-text;!
Missing character: There is no т (U+0442) in font [lmroman12-regular]:mapping=t
ex-text;!
Missing character: There is no е (U+0435) in font [lmroman12-regular]:mapping=t
ex-text;!
Missing character: There is no п (U+043F) in font [lmroman12-regular]:mapping=t
ex-text;!
Missing character: There is no л (U+043B) in font [lmroman12-regular]:mapping=t
ex-text;!
Missing character: There is no а (U+0430) in font [lmroman12-regular]:mapping=t
ex-text;!
Missing character: There is no в (U+0432) in font [lmroman12-regular]:mapping=t
ex-text;!
Missing character: There is no б (U+0431) in font [lmroman12-regular]:mapping=t
ex-text;!
Missing character: There is no у (U+0443) in font [lmroman12-regular]:mapping=t
ex-text;!
Missing character: There is no х (U+0445) in font [lmroman12-regular]:mapping=t
ex-text;!
Missing character: There is no т (U+0442) in font [lmroman12-regular]:mapping=t
ex-text;!
Missing character: There is no е (U+0435) in font [lmroman12-regular]:mapping=t
ex-text;!
Missing character: There is no у (U+0443) in font [lmroman12-regular]:mapping=t
ex-text;!
Missing character: There is no д (U+0434) in font [lmroman12-regular]:mapping=t
ex-text;!
Missing character: There is no л (U+043B) in font [lmroman12-regular]:mapping=t
ex-text;!
Missing character: There is no и (U+0438) in font [lmroman12-regular]:mapping=t
ex-text;!
Missing character: There is no н (U+043D) in font [lmroman12-regular]:mapping=t
ex-text;!
Missing character: There is no и (U+0438) in font [lmroman12-regular]:mapping=t
ex-text;!
Missing character: There is no т (U+0442) in font [lmroman12-regular]:mapping=t
ex-text;!
Missing character: There is no е (U+0435) in font [lmroman12-regular]:mapping=t
ex-text;!
Missing character: There is no л (U+043B) in font [lmroman12-regular]:mapping=t
ex-text;!
Missing character: There is no е (U+0435) in font [lmroman12-regular]:mapping=t
ex-text;!
[1

] (./Расчёт_выделения_тепла_в_бухте-удлинителе.aux)
 ***********
LaTeX2e <2023-06-01>
L3 programming layer <2023-06-05>
 ***********
 ) 
Here is how much of TeX's memory you used:
 2968 strings out of 476387
 50148 string characters out of 5798472
 1845390 words of memory out of 5000000
 23517 multiletter control sequences out of 15000+600000
 517323 words of font info for 41 fonts, out of 8000000 for 9000
 1348 hyphenation exceptions out of 8191
 57i,6n,65p,281b,200s stack positions out of 10000i,1000n,20000p,200000b,200000s

Output written on Расчёт_выделения_тепла_в_бухте-удлинителе.pdf (1 page).
