This is XeTeX, Version 3.141592653-2.6-0.999995 (TeX Live 2023/Debian) (preloaded format=xelatex 2024.10.20)  21 OCT 2024 03:06
entering extended mode
 restricted \write18 enabled.
 %&-line parsing enabled.
**russianb.dtx
(./russianb.dtx
LaTeX2e <2023-06-01>
L3 programming layer <2023-06-05>
(/usr/share/texlive/texmf-dist/tex/latex/base/docstrip.tex
\blockLevel=\count181
\emptyLines=\count182
\processedLines=\count183
\commentsRemoved=\count184
\commentsPassed=\count185
\codeLinesPassed=\count186
\TotalprocessedLines=\count187
\TotalcommentsRemoved=\count188
\TotalcommentsPassed=\count189
\TotalcodeLinesPassed=\count190
\NumberOfFiles=\count191
\inFile=\read2
\inputcheck=\read3
\off@0=\count192
\off@1=\count193
\off@2=\count194
\off@3=\count195
\off@4=\count196
\off@5=\count197
\off@6=\count198
\off@7=\count199
\off@8=\count266
\off@9=\count267
\off@10=\count268
\off@11=\count269
\off@12=\count270
\off@13=\count271
\off@14=\count272
\off@15=\count273
\@maxfiles=\count274
\@maxoutfiles=\count275

Utility: `docstrip' v2.6b <2022-09-03>
English documentation    <2022-09-03>

**********************************************************
* This program converts documented macro-files into fast *
* loadable files by stripping off (nearly) all comments! *
**********************************************************

********************************************************
* No Configuration file found, using default settings. *
********************************************************

)

Generating file(s) ./russianb.ldf 
\openout0 = `./russianb.ldf'.


Processing file russianb.dtx (code) -> russianb.ldf
Lines  processed: 2376
Comments removed: 1292
Comments  passed: 129
Codelines passed: 938


Generating file(s) ./russianb.ins 
\openout0 = `./russianb.ins'.


Processing file russianb.dtx (install) -> russianb.ins
Lines  processed: 2376
Comments removed: 1292
Comments  passed: 129
Codelines passed: 938


Generating file(s) ./README.md 
\openout0 = `./README.md'.


Processing file russianb.dtx (readme) -> README.md
Lines  processed: 2376
Comments removed: 1292
Comments  passed: 129
Codelines passed: 938

File: russianb.ldf 2021/01/10 1.3m Russian support for the Babel system
(/usr/share/texlive/texmf-dist/tex/latex/base/ltxdoc.cls
Document Class: ltxdoc 2023/03/28 v2.1j Standard LaTeX documentation class
*************************************
* Local config file ltxdoc.cfg used
*************************************
(/usr/share/texlive/texmf-dist/tex/latex/base/ltxdoc.cfg
File: ltxdoc.cfg 2022/06/14 v2.0d ltxdoc.cls configuration (LaTeX Project)
)
(/usr/share/texlive/texmf-dist/tex/latex/base/article.cls
Document Class: article 2023/05/17 v1.4n Standard LaTeX document class
(/usr/share/texlive/texmf-dist/tex/latex/base/size10.clo
File: size10.clo 2023/05/17 v1.4n Standard LaTeX file (size option)
)
\c@part=\count276
\c@section=\count277
\c@subsection=\count278
\c@subsubsection=\count279
\c@paragraph=\count280
\c@subparagraph=\count281
\c@figure=\count282
\c@table=\count283
\abovecaptionskip=\skip48
\belowcaptionskip=\skip49
\bibindent=\dimen140
)
(/usr/share/texlive/texmf-dist/tex/latex/base/doc.sty
Package: doc 2022/11/13 v3.0m Standard LaTeX documentation package V3 (FMi)
\c@StandardModuleDepth=\count284
\guard@level=\count285
\MacrocodeTopsep=\skip50
\MacroIndent=\dimen141
\macro@cnt=\count286
\MacroTopsep=\skip51
\IndexMin=\dimen142
\c@IndexColumns=\count287

(/usr/share/texlive/texmf-dist/tex/latex/tools/multicol.sty
Package: multicol 2023/03/30 v1.9f multicolumn formatting (FMi)
\c@tracingmulticols=\count288
\mult@box=\box51
\multicol@leftmargin=\dimen143
\c@unbalance=\count289
\c@collectmore=\count290
\doublecol@number=\count291
\multicoltolerance=\count292
\multicolpretolerance=\count293
\full@width=\dimen144
\page@free=\dimen145
\premulticols=\dimen146
\postmulticols=\dimen147
\multicolsep=\skip52
\multicolbaselineskip=\skip53
\partial@page=\box52
\last@line=\box53
\mc@boxedresult=\box54
\maxbalancingoverflow=\dimen148
\mult@rightbox=\box55
\mult@grightbox=\box56
\mult@firstbox=\box57
\mult@gfirstbox=\box58
\@tempa=\box59
\@tempa=\box60
\@tempa=\box61
\@tempa=\box62
\@tempa=\box63
\@tempa=\box64
\@tempa=\box65
\@tempa=\box66
\@tempa=\box67
\@tempa=\box68
\@tempa=\box69
\@tempa=\box70
\@tempa=\box71
\@tempa=\box72
\@tempa=\box73
\@tempa=\box74
\@tempa=\box75
\@tempa=\box76
\@tempa=\box77
\@tempa=\box78
\@tempa=\box79
\@tempa=\box80
\@tempa=\box81
\@tempa=\box82
\@tempa=\box83
\@tempa=\box84
\@tempa=\box85
\@tempa=\box86
\@tempa=\box87
\@tempa=\box88
\@tempa=\box89
\@tempa=\box90
\@tempa=\box91
\@tempa=\box92
\@tempa=\box93
\@tempa=\box94
\c@minrows=\count294
\c@columnbadness=\count295
\c@finalcolumnbadness=\count296
\last@try=\dimen149
\multicolovershoot=\dimen150
\multicolundershoot=\dimen151
\mult@nat@firstbox=\box95
\colbreak@box=\box96
\mc@col@check@num=\count297
)
\GlossaryMin=\dimen152
\c@GlossaryColumns=\count298
\check@sum=\count299
\bslash@cnt=\count300
\wrong@table=\toks17
\c@CodelineNo=\count301
\@temptokenb=\toks18
))
(/usr/share/texlive/texmf-dist/tex/generic/iftex/ifxetex.sty
Package: ifxetex 2019/10/25 v0.7 ifxetex legacy package. Use iftex instead.

(/usr/share/texlive/texmf-dist/tex/generic/iftex/iftex.sty
Package: iftex 2022/02/03 v1.0f TeX engine tests
))
(/usr/share/texlive/texmf-dist/tex/generic/iftex/ifluatex.sty
Package: ifluatex 2019/10/25 v1.5 ifluatex legacy package. Use iftex instead.
)
(/usr/share/texlive/texmf-dist/tex/latex/fontspec/fontspec.sty
(/usr/share/texlive/texmf-dist/tex/latex/l3packages/xparse/xparse.sty
(/usr/share/texlive/texmf-dist/tex/latex/l3kernel/expl3.sty
Package: expl3 2023-06-05 L3 programming layer (loader) 

(/usr/share/texlive/texmf-dist/tex/latex/l3backend/l3backend-xetex.def
File: l3backend-xetex.def 2023-04-19 L3 backend support: XeTeX
\g__graphics_track_int=\count302
\l__pdf_internal_box=\box97
\g__pdf_backend_object_int=\count303
\g__pdf_backend_annotation_int=\count304
\g__pdf_backend_link_int=\count305
))
Package: xparse 2023-02-02 L3 Experimental document command parser
)
Package: fontspec 2022/01/15 v2.8a Font selection for XeLaTeX and LuaLaTeX

(/usr/share/texlive/texmf-dist/tex/latex/fontspec/fontspec-xetex.sty
Package: fontspec-xetex 2022/01/15 v2.8a Font selection for XeLaTeX and LuaLaTe
X
\l__fontspec_script_int=\count306
\l__fontspec_language_int=\count307
\l__fontspec_strnum_int=\count308
\l__fontspec_tmp_int=\count309
\l__fontspec_tmpa_int=\count310
\l__fontspec_tmpb_int=\count311
\l__fontspec_tmpc_int=\count312
\l__fontspec_em_int=\count313
\l__fontspec_emdef_int=\count314
\l__fontspec_strong_int=\count315
\l__fontspec_strongdef_int=\count316
\l__fontspec_tmpa_dim=\dimen153
\l__fontspec_tmpb_dim=\dimen154
\l__fontspec_tmpc_dim=\dimen155

(/usr/share/texlive/texmf-dist/tex/latex/base/fontenc.sty
Package: fontenc 2021/04/29 v2.0v Standard LaTeX package
)
(/usr/share/texlive/texmf-dist/tex/latex/fontspec/fontspec.cfg)))

Package fontspec Info: Font family 'cmunrm.otf(0)' created for font
(fontspec)             'cmunrm.otf' with options
(fontspec)             [Ligatures={TeX},Ligatures=TeX].
(fontspec)              
(fontspec)              This font family consists of the following NFSS
(fontspec)             series/shapes:
(fontspec)              
(fontspec)             - 'normal' (m/n) with NFSS spec.:
(fontspec)             <->"[cmunrm.otf]/OT:script=latn;language=dflt;mapping=te
x-text;"
(fontspec)             - 'small caps'  (m/sc) with NFSS spec.:
(fontspec)             <->"[cmunrm.otf]/OT:script=latn;language=dflt;+smcp;mapp
ing=tex-text;"


Package fontspec Info: Font family 'cmunss.otf(0)' created for font
(fontspec)             'cmunss.otf' with options
(fontspec)             [Ligatures={TeX},Ligatures=TeX].
(fontspec)              
(fontspec)              This font family consists of the following NFSS
(fontspec)             series/shapes:
(fontspec)              
(fontspec)             - 'normal' (m/n) with NFSS spec.:
(fontspec)             <->"[cmunss.otf]/OT:script=latn;language=dflt;mapping=te
x-text;"
(fontspec)             - 'small caps'  (m/sc) with NFSS spec.: 


Package fontspec Info: Font family 'cmuntt.otf(0)' created for font
(fontspec)             'cmuntt.otf' with options
(fontspec)             [Ligatures={TeX},WordSpace={1,0,0},HyphenChar=None,Punct
uationSpace=WordSpace].
(fontspec)              
(fontspec)              This font family consists of the following NFSS
(fontspec)             series/shapes:
(fontspec)              
(fontspec)             - 'normal' (m/n) with NFSS spec.:
(fontspec)             <->"[cmuntt.otf]/OT:script=latn;language=dflt;mapping=te
x-text;"
(fontspec)             - 'small caps'  (m/sc) with NFSS spec.: 
(fontspec)             and font adjustment code:
(fontspec)             \fontdimen 2\font =1\fontdimen 2\font \fontdimen 3\font
(fontspec)             =0\fontdimen 3\font \fontdimen 4\font =0\fontdimen
(fontspec)             4\font \fontdimen 7\font =0\fontdimen 2\font
(fontspec)             \tex_hyphenchar:D \font =-1\scan_stop: 


(/usr/share/texlive/texmf-dist/tex/generic/babel/babel.sty
Package: babel 2023/05/11 v3.89 The Babel package
\babel@savecnt=\count317
\U@D=\dimen156
\l@unhyphenated=\language87

(/usr/share/texlive/texmf-dist/tex/generic/babel/xebabel.def)
\bbl@readstream=\read4
\bbl@dirlevel=\count318
Package babel Info: Main language set with 'main='. Except if you have
(babel)             problems, prefer the default mechanism for setting
(babel)             the main language, ie, as the last declared.
(babel)             Reported on input line 4170.
 (./russianb.ldf
File: russianb.ldf 2021/01/10 1.3m Russian support for the Babel system
Language: russian 2020/09/09 1.3k Russian support for the Babel system
Package babel Info: Making " an active character on input line 124.
Package babel Info: Default for \cyrdash is provided on input line 163.
Package babel Info: Russian attribute set to ancient on input line 591.
)
(/usr/share/texlive/texmf-dist/tex/generic/babel-english/english.ldf
Language: english 2017/06/06 v3.3r English support from the babel system
Package babel Info: Hyphen rules for 'canadian' set to \l@english
(babel)             (\language0). Reported on input line 102.
Package babel Info: Hyphen rules for 'australian' set to \l@ukenglish
(babel)             (\language65). Reported on input line 105.
Package babel Info: Hyphen rules for 'newzealand' set to \l@ukenglish
(babel)             (\language65). Reported on input line 108.
))
(/usr/share/texlive/texmf-dist/tex/generic/babel/locale/en/babel-english.tex
Package babel Info: Importing font and identification data for english
(babel)             from babel-en.ini. Reported on input line 11.
)
(/usr/share/texlive/texmf-dist/tex/generic/babel/locale/ru/babel-russian.tex
Package babel Info: Importing font and identification data for russian
(babel)             from babel-ru.ini. Reported on input line 11.
)
(/usr/share/texlive/texmf-dist/tex/latex/xcolor/xcolor.sty
Package: xcolor 2022/06/12 v2.14 LaTeX color extensions (UK)

(/usr/share/texlive/texmf-dist/tex/latex/graphics-cfg/color.cfg
File: color.cfg 2016/01/02 v1.6 sample color configuration
)
Package xcolor Info: Package option `usenames' ignored on input line 218.
Package xcolor Info: Driver file: xetex.def on input line 227.

(/usr/share/texlive/texmf-dist/tex/latex/graphics-def/xetex.def
File: xetex.def 2022/09/22 v5.0n Graphics/color driver for xetex
)
(/usr/share/texlive/texmf-dist/tex/latex/graphics/mathcolor.ltx)
Package xcolor Info: Model `cmy' substituted by `cmy0' on input line 1353.
Package xcolor Info: Model `RGB' extended on input line 1369.
Package xcolor Info: Model `HTML' substituted by `rgb' on input line 1371.
Package xcolor Info: Model `Hsb' substituted by `hsb' on input line 1372.
Package xcolor Info: Model `tHsb' substituted by `hsb' on input line 1373.
Package xcolor Info: Model `HSB' substituted by `hsb' on input line 1374.
Package xcolor Info: Model `Gray' substituted by `gray' on input line 1375.
Package xcolor Info: Model `wave' substituted by `hsb' on input line 1376.

(/usr/share/texlive/texmf-dist/tex/latex/graphics/dvipsnam.def
File: dvipsnam.def 2016/06/17 v3.0m Driver-dependent file (DPC,SPQR)
))
(/usr/share/texlive/texmf-dist/tex/latex/hyperref/hyperref.sty
Package: hyperref 2023-05-16 v7.00y Hypertext links for LaTeX

(/usr/share/texlive/texmf-dist/tex/generic/ltxcmds/ltxcmds.sty
Package: ltxcmds 2020-05-10 v1.25 LaTeX kernel commands for general use (HO)
)
(/usr/share/texlive/texmf-dist/tex/generic/pdftexcmds/pdftexcmds.sty
Package: pdftexcmds 2020-06-27 v0.33 Utility functions of pdfTeX for LuaTeX (HO
)

(/usr/share/texlive/texmf-dist/tex/generic/infwarerr/infwarerr.sty
Package: infwarerr 2019/12/03 v1.5 Providing info/warning/error messages (HO)
)
Package pdftexcmds Info: \pdf@primitive is available.
Package pdftexcmds Info: \pdf@ifprimitive is available.
Package pdftexcmds Info: \pdfdraftmode not found.
)
(/usr/share/texlive/texmf-dist/tex/latex/graphics/keyval.sty
Package: keyval 2022/05/29 v1.15 key=value parser (DPC)
\KV@toks@=\toks19
)
(/usr/share/texlive/texmf-dist/tex/latex/kvsetkeys/kvsetkeys.sty
Package: kvsetkeys 2022-10-05 v1.19 Key value parser (HO)
)
(/usr/share/texlive/texmf-dist/tex/generic/kvdefinekeys/kvdefinekeys.sty
Package: kvdefinekeys 2019-12-19 v1.6 Define keys (HO)
)
(/usr/share/texlive/texmf-dist/tex/generic/pdfescape/pdfescape.sty
Package: pdfescape 2019/12/09 v1.15 Implements pdfTeX's escape features (HO)
)
(/usr/share/texlive/texmf-dist/tex/latex/hycolor/hycolor.sty
Package: hycolor 2020-01-27 v1.10 Color options for hyperref/bookmark (HO)
)
(/usr/share/texlive/texmf-dist/tex/latex/letltxmacro/letltxmacro.sty
Package: letltxmacro 2019/12/03 v1.6 Let assignment for LaTeX macros (HO)
)
(/usr/share/texlive/texmf-dist/tex/latex/auxhook/auxhook.sty
Package: auxhook 2019-12-17 v1.6 Hooks for auxiliary files (HO)
)
(/usr/share/texlive/texmf-dist/tex/latex/hyperref/nameref.sty
Package: nameref 2023-05-16 v2.51 Cross-referencing by name of section

(/usr/share/texlive/texmf-dist/tex/latex/refcount/refcount.sty
Package: refcount 2019/12/15 v3.6 Data extraction from label references (HO)
)
(/usr/share/texlive/texmf-dist/tex/generic/gettitlestring/gettitlestring.sty
Package: gettitlestring 2019/12/15 v1.6 Cleanup title references (HO)

(/usr/share/texlive/texmf-dist/tex/latex/kvoptions/kvoptions.sty
Package: kvoptions 2022-06-15 v3.15 Key value format for package options (HO)
))
\c@section@level=\count319
)
(/usr/share/texlive/texmf-dist/tex/latex/etoolbox/etoolbox.sty
Package: etoolbox 2020/10/05 v2.5k e-TeX tools for LaTeX (JAW)
\etb@tempcnta=\count320
)
\@linkdim=\dimen157
\Hy@linkcounter=\count321
\Hy@pagecounter=\count322

(/usr/share/texlive/texmf-dist/tex/latex/hyperref/pd1enc.def
File: pd1enc.def 2023-05-16 v7.00y Hyperref: PDFDocEncoding definition (HO)
)
(/usr/share/texlive/texmf-dist/tex/generic/intcalc/intcalc.sty
Package: intcalc 2019/12/15 v1.3 Expandable calculations with integers (HO)
)
\Hy@SavedSpaceFactor=\count323

(/usr/share/texlive/texmf-dist/tex/latex/hyperref/puenc.def
File: puenc.def 2023-05-16 v7.00y Hyperref: PDF Unicode definition (HO)
)
Package hyperref Info: Option `unicode' set `true' on input line 3153.
Package hyperref Info: Option `colorlinks' set `true' on input line 4050.
Package hyperref Info: Hyper figures OFF on input line 4167.
Package hyperref Info: Link nesting OFF on input line 4172.
Package hyperref Info: Hyper index ON on input line 4175.
Package hyperref Info: Plain pages OFF on input line 4182.
Package hyperref Info: Backreferencing OFF on input line 4187.
Package hyperref Info: Implicit mode ON; LaTeX internals redefined.
Package hyperref Info: Bookmarks ON on input line 4434.
\c@Hy@tempcnt=\count324

(/usr/share/texlive/texmf-dist/tex/latex/url/url.sty
\Urlmuskip=\muskip16
Package: url 2013/09/16  ver 3.4  Verb mode for urls, etc.
)
LaTeX Info: Redefining \url on input line 4772.
\XeTeXLinkMargin=\dimen158

(/usr/share/texlive/texmf-dist/tex/generic/bitset/bitset.sty
Package: bitset 2019/12/09 v1.3 Handle bit-vector datatype (HO)

(/usr/share/texlive/texmf-dist/tex/generic/bigintcalc/bigintcalc.sty
Package: bigintcalc 2019/12/15 v1.5 Expandable calculations on big integers (HO
)
))
\Fld@menulength=\count325
\Field@Width=\dimen159
\Fld@charsize=\dimen160
Package hyperref Info: Hyper figures OFF on input line 6051.
Package hyperref Info: Link nesting OFF on input line 6056.
Package hyperref Info: Hyper index ON on input line 6059.
Package hyperref Info: backreferencing OFF on input line 6066.
Package hyperref Info: Link coloring ON on input line 6069.
Package hyperref Info: Link coloring with OCG OFF on input line 6076.
Package hyperref Info: PDF/A mode OFF on input line 6081.

(/usr/share/texlive/texmf-dist/tex/latex/base/atbegshi-ltx.sty
Package: atbegshi-ltx 2021/01/10 v1.0c Emulation of the original atbegshi
package with kernel methods
)
\Hy@abspage=\count326
\c@Item=\count327
\c@Hfootnote=\count328
)
Package hyperref Info: Driver (autodetected): hxetex.

(/usr/share/texlive/texmf-dist/tex/latex/hyperref/hxetex.def
File: hxetex.def 2023-05-16 v7.00y Hyperref driver for XeTeX

(/usr/share/texlive/texmf-dist/tex/generic/stringenc/stringenc.sty
Package: stringenc 2019/11/29 v1.12 Convert strings between diff. encodings (HO
)
)
\pdfm@box=\box98
\c@Hy@AnnotLevel=\count329
\HyField@AnnotCount=\count330
\Fld@listcount=\count331
\c@bookmark@seq@number=\count332

(/usr/share/texlive/texmf-dist/tex/latex/rerunfilecheck/rerunfilecheck.sty
Package: rerunfilecheck 2022-07-10 v1.10 Rerun checks for auxiliary files (HO)

(/usr/share/texlive/texmf-dist/tex/latex/base/atveryend-ltx.sty
Package: atveryend-ltx 2020/08/19 v1.0a Emulation of the original atveryend pac
kage
with kernel methods
)
(/usr/share/texlive/texmf-dist/tex/generic/uniquecounter/uniquecounter.sty
Package: uniquecounter 2019/12/15 v1.4 Provide unlimited unique counter (HO)
)
Package uniquecounter Info: New unique counter `rerunfilecheck' on input line 2
85.
)
\Hy@SectionHShift=\skip54
)
(/usr/share/texlive/texmf-dist/tex/latex/listings/listings.sty
\lst@mode=\count333
\lst@gtempboxa=\box99
\lst@token=\toks20
\lst@length=\count334
\lst@currlwidth=\dimen161
\lst@column=\count335
\lst@pos=\count336
\lst@lostspace=\dimen162
\lst@width=\dimen163
\lst@newlines=\count337
\lst@lineno=\count338
\lst@maxwidth=\dimen164

(/usr/share/texlive/texmf-dist/tex/latex/listings/lstmisc.sty
File: lstmisc.sty 2023/02/27 1.9 (Carsten Heinz)
\c@lstnumber=\count339
\lst@skipnumbers=\count340
\lst@framebox=\box100
)
(/usr/share/texlive/texmf-dist/tex/latex/listings/listings.cfg
File: listings.cfg 2023/02/27 1.9 listings configuration
))
Package: listings 2023/02/27 1.9 (Carsten Heinz)
\@indexfile=\write3
\openout3 = `russianb.idx'.


Writing index file russianb.idx
\@glossaryfile=\write4
\openout4 = `russianb.glo'.

Writing glossary file russianb.glo 
(/usr/share/texlive/texmf-dist/tex/latex/hypdoc/hypdoc.sty
Package: hypdoc 2023-01-23 v1.18 Hyper extensions for doc.sty (HO)


Package hypdoc Warning: hyperref has been loaded before. Check the options! on 
input line 56.

Package hyperref Info: Option `colorlinks' set `true' on input line 66.
Package hyperref Info: Option `plainpages' set `false' on input line 66.
Package hyperref Info: Option `bookmarksopen' set `true' on input line 66.
Package hyperref Info: Option `bookmarksnumbered' set `true' on input line 66.
\c@HD@unique=\count341
\c@HD@hypercount=\count342
\HD@helplength=\skip55
)
No file russianb.aux.
\openout1 = `russianb.aux'.

LaTeX Font Info:    Checking defaults for OML/cmm/m/it on input line 438.
LaTeX Font Info:    ... okay on input line 438.
LaTeX Font Info:    Checking defaults for OMS/cmsy/m/n on input line 438.
LaTeX Font Info:    ... okay on input line 438.
LaTeX Font Info:    Checking defaults for OT1/cmr/m/n on input line 438.
LaTeX Font Info:    ... okay on input line 438.
LaTeX Font Info:    Checking defaults for T1/cmr/m/n on input line 438.
LaTeX Font Info:    ... okay on input line 438.
LaTeX Font Info:    Checking defaults for TS1/cmr/m/n on input line 438.
LaTeX Font Info:    Trying to load font information for TS1+cmr on input line 4
38.
(/usr/share/texlive/texmf-dist/tex/latex/base/ts1cmr.fd
File: ts1cmr.fd 2023/04/13 v2.5m Standard LaTeX font definitions
)
LaTeX Font Info:    ... okay on input line 438.
LaTeX Font Info:    Checking defaults for TU/lmr/m/n on input line 438.
LaTeX Font Info:    ... okay on input line 438.
LaTeX Font Info:    Checking defaults for OMX/cmex/m/n on input line 438.
LaTeX Font Info:    ... okay on input line 438.
LaTeX Font Info:    Checking defaults for U/cmr/m/n on input line 438.
LaTeX Font Info:    ... okay on input line 438.
LaTeX Font Info:    Checking defaults for PD1/pdf/m/n on input line 438.
LaTeX Font Info:    ... okay on input line 438.
LaTeX Font Info:    Checking defaults for PU/pdf/m/n on input line 438.
LaTeX Font Info:    ... okay on input line 438.
Package doc Info: Made | a short reference for \verb on input line 438.

Package fontspec Info: Adjusting the maths setup (use [no-math] to avoid
(fontspec)             this).

\symlegacymaths=\mathgroup4
LaTeX Font Info:    Overwriting symbol font `legacymaths' in version `bold'
(Font)                  OT1/cmr/m/n --> OT1/cmr/bx/n on input line 438.
LaTeX Font Info:    Redeclaring math accent \acute on input line 438.
LaTeX Font Info:    Redeclaring math accent \grave on input line 438.
LaTeX Font Info:    Redeclaring math accent \ddot on input line 438.
LaTeX Font Info:    Redeclaring math accent \tilde on input line 438.
LaTeX Font Info:    Redeclaring math accent \bar on input line 438.
LaTeX Font Info:    Redeclaring math accent \breve on input line 438.
LaTeX Font Info:    Redeclaring math accent \check on input line 438.
LaTeX Font Info:    Redeclaring math accent \hat on input line 438.
LaTeX Font Info:    Redeclaring math accent \dot on input line 438.
LaTeX Font Info:    Redeclaring math accent \mathring on input line 438.
LaTeX Font Info:    Redeclaring math symbol \colon on input line 438.
LaTeX Font Info:    Redeclaring math symbol \Gamma on input line 438.
LaTeX Font Info:    Redeclaring math symbol \Delta on input line 438.
LaTeX Font Info:    Redeclaring math symbol \Theta on input line 438.
LaTeX Font Info:    Redeclaring math symbol \Lambda on input line 438.
LaTeX Font Info:    Redeclaring math symbol \Xi on input line 438.
LaTeX Font Info:    Redeclaring math symbol \Pi on input line 438.
LaTeX Font Info:    Redeclaring math symbol \Sigma on input line 438.
LaTeX Font Info:    Redeclaring math symbol \Upsilon on input line 438.
LaTeX Font Info:    Redeclaring math symbol \Phi on input line 438.
LaTeX Font Info:    Redeclaring math symbol \Psi on input line 438.
LaTeX Font Info:    Redeclaring math symbol \Omega on input line 438.
LaTeX Font Info:    Redeclaring math symbol \mathdollar on input line 438.
LaTeX Font Info:    Redeclaring symbol font `operators' on input line 438.
LaTeX Font Info:    Encoding `OT1' has changed to `TU' for symbol font
(Font)              `operators' in the math version `normal' on input line 438.

LaTeX Font Info:    Overwriting symbol font `operators' in version `normal'
(Font)                  OT1/cmr/m/n --> TU/cmunrm.otf(0)/m/n on input line 438.

LaTeX Font Info:    Encoding `OT1' has changed to `TU' for symbol font
(Font)              `operators' in the math version `bold' on input line 438.
LaTeX Font Info:    Overwriting symbol font `operators' in version `bold'
(Font)                  OT1/cmr/bx/n --> TU/cmunrm.otf(0)/m/n on input line 438
.
LaTeX Font Info:    Overwriting symbol font `operators' in version `normal'
(Font)                  TU/cmunrm.otf(0)/m/n --> TU/cmunrm.otf(0)/m/n on input 
line 438.
LaTeX Font Info:    Overwriting math alphabet `\mathit' in version `normal'
(Font)                  OT1/cmr/m/it --> TU/cmunrm.otf(0)/m/it on input line 43
8.
LaTeX Font Info:    Overwriting math alphabet `\mathbf' in version `normal'
(Font)                  OT1/cmr/bx/n --> TU/cmunrm.otf(0)/b/n on input line 438
.
LaTeX Font Info:    Overwriting math alphabet `\mathsf' in version `normal'
(Font)                  OT1/cmss/m/n --> TU/cmunss.otf(0)/m/n on input line 438
.
LaTeX Font Info:    Overwriting math alphabet `\mathtt' in version `normal'
(Font)                  OT1/cmtt/m/n --> TU/cmuntt.otf(0)/m/n on input line 438
.
LaTeX Font Info:    Overwriting symbol font `operators' in version `bold'
(Font)                  TU/cmunrm.otf(0)/m/n --> TU/cmunrm.otf(0)/b/n on input 
line 438.
LaTeX Font Info:    Overwriting math alphabet `\mathit' in version `bold'
(Font)                  OT1/cmr/bx/it --> TU/cmunrm.otf(0)/b/it on input line 4
38.
LaTeX Font Info:    Overwriting math alphabet `\mathsf' in version `bold'
(Font)                  OT1/cmss/bx/n --> TU/cmunss.otf(0)/b/n on input line 43
8.
LaTeX Font Info:    Overwriting math alphabet `\mathtt' in version `bold'
(Font)                  OT1/cmtt/m/n --> TU/cmuntt.otf(0)/b/n on input line 438
.
LaTeX Info: Redefining \th on input line 438.
Package hyperref Info: Link coloring ON on input line 438.
\@outlinefile=\write5
\openout5 = `russianb.out'.



Package hyperref Warning: Rerun to get /PageLabels entry.

\c@lstlisting=\count343
\HD@savedest@out=\write6
\openout6 = `russianb.hd'.

Package doc Info: Deleted | as a short reference for \verb(*) on input line 438
.
Package Listings Info: Made | a short reference for \lstinline on input line 43
8.
(./russianb.dtx
! Use of \\lstinline doesn't match its definition.
\kernel@ifnextchar ...d@d =#1\def \reserved@a {#2}
                                                  \def \reserved@b {#3}\futu...
l.445 ...yre,\cyro,\CYRU,\cyrk,\cyrl,\CYRS,\cyrs|}
                                                  
? 
! Interruption.
\kernel@ifnextchar ...rved@a {#2}\def \reserved@b 
                                                  {#3}\futurelet \@let@token...
l.445 ...yre,\cyro,\CYRU,\cyrk,\cyrl,\CYRS,\cyrs|}
                                                  
? q
OK, entering \batchmode...
! Undefined control sequence.
\lsthk@PreSet ->\def \lst@firstline 
                                    {1\relax }\def \lst@lastline {9999999\re...
l.445 ...yre,\cyro,\CYRU,\cyrk,\cyrl,\CYRS,\cyrs|}
                                                  
The control sequence at the end of the top line
of your error message was never \def'ed. If you have
misspelled it (e.g., `\hobx'), type `I' and the correct
spelling (e.g., `I\hbox'). Otherwise just continue,
and I'll forget about whatever was undefined.

! Undefined control sequence.
\lsthk@PreSet ...ine {1\relax }\def \lst@lastline 
                                                  {9999999\relax }\let \lst@...
l.445 ...yre,\cyro,\CYRU,\cyrk,\cyrl,\CYRS,\cyrs|}
                                                  
The control sequence at the end of the top line
of your error message was never \def'ed. If you have
misspelled it (e.g., `\hobx'), type `I' and the correct
spelling (e.g., `I\hbox'). Otherwise just continue,
and I'll forget about whatever was undefined.

! Undefined control sequence.
\lsthk@PreSet ...99999\relax }\let \lst@linerange 
                                                  \@empty \let \lst@float \l...
l.445 ...yre,\cyro,\CYRU,\cyrk,\cyrl,\CYRS,\cyrs|}
                                                  
The control sequence at the end of the top line
of your error message was never \def'ed. If you have
misspelled it (e.g., `\hobx'), type `I' and the correct
spelling (e.g., `I\hbox'). Otherwise just continue,
and I'll forget about whatever was undefined.

! Undefined control sequence.
\lsthk@PreSet ...inerange \@empty \let \lst@float 
                                                  \lst@floatdefault \global ...
l.445 ...yre,\cyro,\CYRU,\cyrk,\cyrl,\CYRS,\cyrs|}
                                                  
The control sequence at the end of the top line
of your error message was never \def'ed. If you have
misspelled it (e.g., `\hobx'), type `I' and the correct
spelling (e.g., `I\hbox'). Otherwise just continue,
and I'll forget about whatever was undefined.

! Undefined control sequence.
\lsthk@PreSet ... \fi \fi \let \lst@advancenumber 
                                                  \z@ 
l.445 ...yre,\cyro,\CYRU,\cyrk,\cyrl,\CYRS,\cyrs|}
                                                  
The control sequence at the end of the top line
of your error message was never \def'ed. If you have
misspelled it (e.g., `\hobx'), type `I' and the correct
spelling (e.g., `I\hbox'). Otherwise just continue,
and I'll forget about whatever was undefined.

! Use of \KV@@sp@b doesn't match its definition.
<argument> f
            lexiblecolumns
l.445 ...yre,\cyro,\CYRU,\cyrk,\cyrl,\CYRS,\cyrs|}
                                                  
If you say, e.g., `\def\a1{...}', then you must always
put `1' after `\a', since control sequence names are
made up of letters only. The macro here has not been
followed by the required stuff, so I'm ignoring it.

! Undefined control sequence.
\KV@@sp@def ...urelet \KV@tempa \KV@@sp@d #2\@nil 
                                                  \@nil  \@nil \relax #1
l.445 ...yre,\cyro,\CYRU,\cyrk,\cyrl,\CYRS,\cyrs|}
                                                  
The control sequence at the end of the top line
of your error message was never \def'ed. If you have
misspelled it (e.g., `\hobx'), type `I' and the correct
spelling (e.g., `I\hbox'). Otherwise just continue,
and I'll forget about whatever was undefined.

! Undefined control sequence.
\KV@@sp@def ... \KV@tempa \KV@@sp@d #2\@nil \@nil 
                                                   \@nil \relax #1
l.445 ...yre,\cyro,\CYRU,\cyrk,\cyrl,\CYRS,\cyrs|}
                                                  
The control sequence at the end of the top line
of your error message was never \def'ed. If you have
misspelled it (e.g., `\hobx'), type `I' and the correct
spelling (e.g., `I\hbox'). Otherwise just continue,
and I'll forget about whatever was undefined.

! Undefined control sequence.
\KV@@sp@def ...mpa \KV@@sp@d #2\@nil \@nil  \@nil 
                                                  \relax #1
l.445 ...yre,\cyro,\CYRU,\cyrk,\cyrl,\CYRS,\cyrs|}
                                                  
The control sequence at the end of the top line
of your error message was never \def'ed. If you have
misspelled it (e.g., `\hobx'), type `I' and the correct
spelling (e.g., `I\hbox'). Otherwise just continue,
and I'll forget about whatever was undefined.

! Missing \endcsname inserted.
<to be read again> 
                   \@tempa 
l.445 ...yre,\cyro,\CYRU,\cyrk,\cyrl,\CYRS,\cyrs|}
                                                  
The control sequence marked <to be read again> should
not appear between \csname and \endcsname.

! Missing \endcsname inserted.
<to be read again> 
                   \@tempa 
l.445 ...yre,\cyro,\CYRU,\cyrk,\cyrl,\CYRS,\cyrs|}
                                                  
The control sequence marked <to be read again> should
not appear between \csname and \endcsname.

! Use of \KV@@sp@b doesn't match its definition.
\KV@@sp@def ...urelet \KV@tempa \KV@@sp@d #2\@nil 
                                                  \@nil  \@nil \relax #1
l.445 ...yre,\cyro,\CYRU,\cyrk,\cyrl,\CYRS,\cyrs|}
                                                  
If you say, e.g., `\def\a1{...}', then you must always
put `1' after `\a', since control sequence names are
made up of letters only. The macro here has not been
followed by the required stuff, so I'm ignoring it.

! Undefined control sequence.
\KV@@sp@def ... \KV@tempa \KV@@sp@d #2\@nil \@nil 
                                                   \@nil \relax #1
l.445 ...yre,\cyro,\CYRU,\cyrk,\cyrl,\CYRS,\cyrs|}
                                                  
The control sequence at the end of the top line
of your error message was never \def'ed. If you have
misspelled it (e.g., `\hobx'), type `I' and the correct
spelling (e.g., `I\hbox'). Otherwise just continue,
and I'll forget about whatever was undefined.

! Undefined control sequence.
\KV@@sp@def ...mpa \KV@@sp@d #2\@nil \@nil  \@nil 
                                                  \relax #1
l.445 ...yre,\cyro,\CYRU,\cyrk,\cyrl,\CYRS,\cyrs|}
                                                  
The control sequence at the end of the top line
of your error message was never \def'ed. If you have
misspelled it (e.g., `\hobx'), type `I' and the correct
spelling (e.g., `I\hbox'). Otherwise just continue,
and I'll forget about whatever was undefined.

! Missing \endcsname inserted.
<to be read again> 
                   \@tempa 
l.445 ...yre,\cyro,\CYRU,\cyrk,\cyrl,\CYRS,\cyrs|}
                            